<?xml version="1.0" encoding="UTF-8"?>
<!-- Generated by org.testng.reporters.JUnitReportReporter -->
<testsuite skipped="0" hostname="DESKTOP-KRS7JII" name="com.actitime.generiv.CustomerModule" tests="1" failures="0" timestamp="2022-08-19T11:08:34 IST" time="58.506" errors="0">
  <testcase name="CreateCustomer" time="58.506" classname="com.actitime.generiv.CustomerModule"/>
  <system-out>
    <![CDATA[Create Customer]]>
  </system-out>
</testsuite> <!-- com.actitime.generiv.CustomerModule -->
