<?xml version="1.0" encoding="UTF-8"?>
<!-- Generated by org.testng.reporters.JUnitReportReporter -->
<testsuite skipped="0" hostname="DESKTOP-KRS7JII" name="com.actitime.testscript.ProjectModule" tests="1" failures="0" timestamp="2022-08-19T11:24:02 IST" time="0.029" errors="0">
  <testcase name="createProject" time="0.029" classname="com.actitime.testscript.ProjectModule"/>
  <system-out>
    <![CDATA[create project]]>
  </system-out>
</testsuite> <!-- com.actitime.testscript.ProjectModule -->
