<?xml version="1.0" encoding="UTF-8"?>
<!-- Generated by org.testng.reporters.JUnitReportReporter -->
<testsuite skipped="0" hostname="DESKTOP-KRS7JII" name="com.actitime.generiv.DemoScreenShort" tests="1" failures="0" timestamp="2022-08-17T12:40:32 IST" time="8.410" errors="0">
  <testcase name="testScreenShort" time="8.410" classname="com.actitime.generiv.DemoScreenShort"/>
  <system-out/>
</testsuite> <!-- com.actitime.generiv.DemoScreenShort -->
