<?xml version="1.0" encoding="UTF-8"?>
<!-- Generated by org.testng.reporters.JUnitReportReporter -->
<testsuite skipped="0" hostname="DESKTOP-KRS7JII" name="com.actitime.testscript.DemoAssertionEx" tests="1" failures="0" timestamp="2022-08-16T12:08:27 IST" time="20.840" errors="0">
  <testcase name="VerifyTitle" time="20.840" classname="com.actitime.testscript.DemoAssertionEx"/>
  <system-out>
    <![CDATA[Title is matching & pass]]>
  </system-out>
</testsuite> <!-- com.actitime.testscript.DemoAssertionEx -->
