<?xml version="1.0" encoding="UTF-8"?>
<!-- Generated by org.testng.reporters.JUnitReportReporter -->
<testsuite skipped="0" hostname="DESKTOP-KRS7JII" name="com.actitime.testscript.DemoTestNg" tests="1" failures="0" timestamp="2022-08-16T12:08:27 IST" time="0.002" errors="0">
  <testcase name="demotest" time="0.002" classname="com.actitime.testscript.DemoTestNg"/>
  <system-out>
    <![CDATA[welcome to testng 
Welcome
bye
Hello]]>
  </system-out>
</testsuite> <!-- com.actitime.testscript.DemoTestNg -->
